<?xml version="1.0" encoding="UTF-8"?>
<testsuite xmlns:xsi="http://www.w3.org/2001/XMLSchema-instance" xsi:noNamespaceSchemaLocation="https://maven.apache.org/surefire/maven-surefire-plugin/xsd/surefire-test-report.xsd" name="org.apache.zookeeper.SaslAuthTest" time="34.756" tests="5" errors="1" skipped="0" failures="0">
  <properties>
[...]
</properties>
  <testcase name="testAuth" classname="org.apache.zookeeper.SaslAuthTest" time="3.121"/>
  <testcase name="testZKOperationsAfterClientSaslAuthFailure" classname="org.apache.zookeeper.SaslAuthTest" time="30.066">
    <error message="Failed to connect to ZooKeeper server." type="java.util.concurrent.TimeoutException">java.util.concurrent.TimeoutException: Failed to connect to ZooKeeper server.
	at org.apache.zookeeper.SaslAuthTest.testZKOperationsAfterClientSaslAuthFailure(SaslAuthTest.java:172)
</error>
    <system-out><![CDATA[2020-03-18 17:36:17,480 [myid:] - INFO  [main:PortAssignment@87] - Assigned port 11223 from range 11221 - 13913.
2020-03-18 17:36:17,481 [myid:] - INFO  [main:ZKTestCase$1@86] - STARTING testZKOperationsAfterClientSaslAuthFailure
2020-03-18 17:36:17,481 [myid:] - INFO  [main:ClientBase@486] - Initial fdcount is: 92
2020-03-18 17:36:17,482 [myid:] - INFO  [main:JMXEnv@58] - connecting to addr service:jmx:rmi://127.0.0.1/stub/rO0ABXNyAC5qYXZheC5tYW5hZ2VtZW50LnJlbW90ZS5ybWkuUk1JU2VydmVySW1wbF9TdHViAAAAAAAAAAICAAB4cgAaamF2YS5ybWkuc2VydmVyLlJlbW90ZVN0dWLp/tzJi+FlGgIAAHhyABxqYXZhLnJtaS5zZXJ2ZXIuUmVtb3RlT2JqZWN002G0kQxhMx4DAAB4cHc3AAtVbmljYXN0UmVmMgAADDE3Mi4xOC4xNC4zNAAA0riDjC1SF/RK7WUMXP0AAAFw7QAlgIAMAHg=
2020-03-18 17:36:17,490 [myid:] - INFO  [main:ClientBase@514] - STARTING server
2020-03-18 17:36:17,490 [myid:] - INFO  [main:ClientBase@423] - CREATING server instance 127.0.0.1:11223
2020-03-18 17:36:17,491 [myid:] - INFO  [main:ServerCnxnFactory@169] - Using org.apache.zookeeper.server.NIOServerCnxnFactory as server connection factory
2020-03-18 17:36:17,491 [myid:] - INFO  [main:Login@320] - Server successfully logged in.
2020-03-18 17:36:17,491 [myid:] - WARN  [main:ServerCnxnFactory@309] - maxCnxns is not configured, using default value 0.
2020-03-18 17:36:17,491 [myid:] - INFO  [main:NIOServerCnxnFactory@666] - Configuring NIO connection handler with 10s sessionless connection timeout, 1 selector thread(s), 8 worker threads, and 64 kB direct buffers.
2020-03-18 17:36:17,492 [myid:] - INFO  [main:NIOServerCnxnFactory@674] - binding to port 0.0.0.0/0.0.0.0:11223
2020-03-18 17:36:17,492 [myid:] - INFO  [main:ClientBase@395] - STARTING server instance 127.0.0.1:11223
2020-03-18 17:36:17,492 [myid:] - INFO  [main:FileTxnSnapLog@124] - zookeeper.snapshot.trust.empty : false
2020-03-18 17:36:17,493 [myid:] - INFO  [main:WatchManagerFactory@42] - Using org.apache.zookeeper.server.watch.WatchManager as watch manager
2020-03-18 17:36:17,493 [myid:] - INFO  [main:WatchManagerFactory@42] - Using org.apache.zookeeper.server.watch.WatchManager as watch manager
2020-03-18 17:36:17,493 [myid:] - INFO  [main:ZKDatabase@132] - zookeeper.snapshotSizeFactor = 0.33
2020-03-18 17:36:17,494 [myid:] - INFO  [main:ZKDatabase@152] - zookeeper.commitLogCount=500
2020-03-18 17:36:17,494 [myid:] - INFO  [main:ZooKeeperServer@1246] - minSessionTimeout set to 6000
2020-03-18 17:36:17,494 [myid:] - INFO  [main:ZooKeeperServer@1255] - maxSessionTimeout set to 60000
2020-03-18 17:36:17,494 [myid:] - INFO  [main:ResponseCache@45] - Response cache size is initialized with value 400.
2020-03-18 17:36:17,494 [myid:] - INFO  [main:ResponseCache@45] - Response cache size is initialized with value 400.
2020-03-18 17:36:17,494 [myid:] - INFO  [main:RequestPathMetricsCollector@111] - zookeeper.pathStats.slotCapacity = 60
2020-03-18 17:36:17,494 [myid:] - INFO  [main:RequestPathMetricsCollector@112] - zookeeper.pathStats.slotDuration = 15
2020-03-18 17:36:17,495 [myid:] - INFO  [main:RequestPathMetricsCollector@113] - zookeeper.pathStats.maxDepth = 6
2020-03-18 17:36:17,495 [myid:] - INFO  [main:RequestPathMetricsCollector@114] - zookeeper.pathStats.initialDelay = 5
2020-03-18 17:36:17,495 [myid:] - INFO  [main:RequestPathMetricsCollector@115] - zookeeper.pathStats.delay = 5
2020-03-18 17:36:17,495 [myid:] - INFO  [main:RequestPathMetricsCollector@116] - zookeeper.pathStats.enabled = false
2020-03-18 17:36:17,495 [myid:] - INFO  [main:ZooKeeperServer@1470] - The max bytes for all large requests are set to 104857600
2020-03-18 17:36:17,495 [myid:] - INFO  [main:ZooKeeperServer@1484] - The large request threshold is set to -1
2020-03-18 17:36:17,496 [myid:] - INFO  [main:ZooKeeperServer@329] - Created server with tickTime 3000 minSessionTimeout 6000 maxSessionTimeout 60000 clientPortListenBacklog -1 datadir /Users/liaosheng/project/apache-zookeeper-3.6.0/zookeeper-server/target/surefire/test6196670760534229392.junit.dir/version-2 snapdir /Users/liaosheng/project/apache-zookeeper-3.6.0/zookeeper-server/target/surefire/test6196670760534229392.junit.dir/version-2
2020-03-18 17:36:17,496 [myid:] - INFO  [main:FileTxnSnapLog@251] - Initialize file found, an empty database will not block voting participation
2020-03-18 17:36:17,497 [myid:] - INFO  [main:FileTxnSnapLog@470] - Snapshotting: 0x0 to /Users/liaosheng/project/apache-zookeeper-3.6.0/zookeeper-server/target/surefire/test6196670760534229392.junit.dir/version-2/snapshot.0
2020-03-18 17:36:17,500 [myid:] - INFO  [main:ZKDatabase@289] - Snapshot loaded in 4 ms, highest zxid is 0x0, digest is 1371985504
2020-03-18 17:36:17,500 [myid:] - INFO  [main:FileTxnSnapLog@470] - Snapshotting: 0x0 to /Users/liaosheng/project/apache-zookeeper-3.6.0/zookeeper-server/target/surefire/test6196670760534229392.junit.dir/version-2/snapshot.0
2020-03-18 17:36:17,501 [myid:] - INFO  [main:ZooKeeperServer@519] - Snapshot taken in 1 ms
2020-03-18 17:36:17,502 [myid:] - INFO  [main:FourLetterWordMain@93] - connecting to 127.0.0.1 11223
2020-03-18 17:36:17,504 [myid:] - INFO  [NIOWorkerThread-1:NIOServerCnxn@507] - Processing stat command from /127.0.0.1:54158
2020-03-18 17:36:17,505 [myid:] - INFO  [NIOWorkerThread-1:StatCommand@52] - Stat command output
2020-03-18 17:36:17,505 [myid:] - INFO  [main:JMXEnv@219] - ensureParent:[InMemoryDataTree, StandaloneServer_port]
2020-03-18 17:36:17,507 [myid:] - INFO  [main:JMXEnv@235] - expect:InMemoryDataTree
2020-03-18 17:36:17,507 [myid:] - INFO  [main:JMXEnv@239] - found:InMemoryDataTree org.apache.ZooKeeperService:name0=StandaloneServer_port11223,name1=InMemoryDataTree
2020-03-18 17:36:17,507 [myid:] - INFO  [main:JMXEnv@235] - expect:StandaloneServer_port
2020-03-18 17:36:17,507 [myid:] - INFO  [main:JMXEnv@239] - found:StandaloneServer_port org.apache.ZooKeeperService:name0=StandaloneServer_port11223
2020-03-18 17:36:17,507 [myid:] - INFO  [main:ClientBase@501] - Client test setup finished
2020-03-18 17:36:17,508 [myid:] - INFO  [main:JUnit4ZKTestRunner$LoggedInvokeMethod@84] - RUNNING TEST METHOD testZKOperationsAfterClientSaslAuthFailure
2020-03-18 17:36:17,508 [myid:] - INFO  [main:ZooKeeper@1005] - Initiating client connection, connectString=127.0.0.1:11223 sessionTimeout=30000 watcher=org.apache.zookeeper.test.ClientBase$CountdownWatcher@6dde5c8c
2020-03-18 17:36:17,508 [myid:] - INFO  [main:ClientCnxnSocket@239] - jute.maxbuffer value is 1048575 Bytes
2020-03-18 17:36:17,509 [myid:] - INFO  [main:ClientCnxn@1703] - zookeeper.request.timeout value is 0. feature enabled=false
2020-03-18 17:36:17,514 [myid:127.0.0.1:11223] - INFO  [main-SendThread(127.0.0.1:11223):Login@320] - Client successfully logged in.
2020-03-18 17:36:17,515 [myid:127.0.0.1:11223] - INFO  [main-SendThread(127.0.0.1:11223):SecurityUtils@70] - Client will use DIGEST-MD5 as SASL mechanism.
2020-03-18 17:36:17,515 [myid:127.0.0.1:11223] - INFO  [main-SendThread(127.0.0.1:11223):ClientCnxn$SendThread@1154] - Opening socket connection to server localhost/127.0.0.1:11223.
2020-03-18 17:36:17,515 [myid:127.0.0.1:11223] - INFO  [main-SendThread(127.0.0.1:11223):ClientCnxn$SendThread@1156] - SASL config status: Will attempt to SASL-authenticate using Login Context section 'Client'
2020-03-18 17:36:17,516 [myid:127.0.0.1:11223] - INFO  [main-SendThread(127.0.0.1:11223):ClientCnxn$SendThread@986] - Socket connection established, initiating session, client: /127.0.0.1:54159, server: localhost/127.0.0.1:11223
2020-03-18 17:36:17,517 [myid:] - INFO  [SyncThread:0:FileTxnLog@284] - Creating new log file: log.1
2020-03-18 17:36:17,519 [myid:127.0.0.1:11223] - INFO  [main-SendThread(127.0.0.1:11223):ClientCnxn$SendThread@1420] - Session establishment complete on server localhost/127.0.0.1:11223, session id = 0x100015a93a90000, negotiated timeout = 30000
2020-03-18 17:36:17,522 [myid:] - INFO  [NIOWorkerThread-6:SaslServerCallbackHandler@119] - Successfully authenticated client: authenticationID=super;  authorizationID=super.
2020-03-18 17:36:17,522 [myid:] - INFO  [NIOWorkerThread-6:SaslServerCallbackHandler@135] - Setting authorizedID: super
2020-03-18 17:36:17,523 [myid:] - INFO  [NIOWorkerThread-6:ZooKeeperServer@1652] - adding SASL authorization for authorizationID: super
2020-03-18 17:36:20,248 [myid:] - INFO  [SessionTracker:SessionTrackerImpl@170] - SessionTrackerImpl exited loop!
2020-03-18 17:36:47,521 [myid:] - WARN  [main:JUnit4ZKTestRunner$LoggedInvokeMethod@105] - TEST METHOD FAILED testZKOperationsAfterClientSaslAuthFailure
java.util.concurrent.TimeoutException: Failed to connect to ZooKeeper server.
	at org.apache.zookeeper.test.ClientBase$CountdownWatcher.waitForConnected(ClientBase.java:138)
	at org.apache.zookeeper.SaslAuthTest.testZKOperationsAfterClientSaslAuthFailure(SaslAuthTest.java:172)
	at org.apache.zookeeper.JUnit4ZKTestRunner$LoggedInvokeMethod.evaluate(JUnit4ZKTestRunner.java:86)
2020-03-18 17:36:47,523 [myid:] - INFO  [main:ClientBase@583] - tearDown starting
2020-03-18 17:36:47,523 [myid:] - INFO  [main:ClientBase@557] - STOPPING server
2020-03-18 17:36:47,524 [myid:] - INFO  [ConnnectionExpirer:NIOServerCnxnFactory$ConnectionExpirerThread@578] - ConnnectionExpirerThread interrupted
2020-03-18 17:36:47,525 [myid:] - INFO  [NIOServerCxnFactory.AcceptThread:0.0.0.0/0.0.0.0:11223:NIOServerCnxnFactory$AcceptThread@209] - accept thread exitted run method
2020-03-18 17:36:47,525 [myid:] - INFO  [NIOServerCxnFactory.SelectorThread-0:NIOServerCnxnFactory$SelectorThread@411] - selector thread exitted run method
2020-03-18 17:36:47,527 [myid:] - INFO  [main:ZooKeeperServer@784] - shutting down
2020-03-18 17:36:47,527 [myid:] - INFO  [main:RequestThrottler@244] - Shutting down
2020-03-18 17:36:47,527 [myid:127.0.0.1:11223] - WARN  [main-SendThread(127.0.0.1:11223):ClientCnxn$SendThread@1272] - Session 0x100015a93a90000 for sever localhost/127.0.0.1:11223, Closing socket connection. Attempting reconnect except it is a SessionExpiredException.
EndOfStreamException: Unable to read additional data from server sessionid 0x100015a93a90000, likely server has closed socket
	at org.apache.zookeeper.ClientCnxnSocketNIO.doIO(ClientCnxnSocketNIO.java:75)
	at org.apache.zookeeper.ClientCnxnSocketNIO.doTransport(ClientCnxnSocketNIO.java:348)
	at org.apache.zookeeper.ClientCnxn$SendThread.run(ClientCnxn.java:1262)
2020-03-18 17:36:47,527 [myid:] - INFO  [RequestThrottler:RequestThrottler@205] - Draining request throttler queue
2020-03-18 17:36:47,527 [myid:] - INFO  [RequestThrottler:RequestThrottler@181] - RequestThrottler shutdown. Dropped 0 requests
2020-03-18 17:36:47,528 [myid:] - INFO  [main:SessionTrackerImpl@247] - Shutting down
2020-03-18 17:36:47,529 [myid:] - INFO  [main:PrepRequestProcessor@1047] - Shutting down
2020-03-18 17:36:47,530 [myid:] - INFO  [main:SyncRequestProcessor@256] - Shutting down
2020-03-18 17:36:47,531 [myid:] - INFO  [ProcessThread(sid:0 cport:11223)::PrepRequestProcessor@159] - PrepRequestProcessor exited loop!
2020-03-18 17:36:47,531 [myid:] - INFO  [SyncThread:0:SyncRequestProcessor@225] - SyncRequestProcessor exited!
2020-03-18 17:36:47,531 [myid:] - INFO  [main:FinalRequestProcessor@662] - shutdown of request processor complete
2020-03-18 17:36:47,533 [myid:] - INFO  [main:FourLetterWordMain@93] - connecting to 127.0.0.1 11223
2020-03-18 17:36:47,534 [myid:] - INFO  [main:JMXEnv@142] - ensureOnly:[]
2020-03-18 17:36:47,539 [myid:] - INFO  [main:ClientBase@607] - fdcount after test is: 96 at start it was 92
2020-03-18 17:36:47,539 [myid:] - INFO  [main:ClientBase@609] - sleeping for 20 secs
2020-03-18 17:36:47,540 [myid:] - ERROR [main:ZKTestCase$1@101] - FAILED testZKOperationsAfterClientSaslAuthFailure
java.util.concurrent.TimeoutException: Failed to connect to ZooKeeper server.
	at org.apache.zookeeper.test.ClientBase$CountdownWatcher.waitForConnected(ClientBase.java:138)
	at org.apache.zookeeper.SaslAuthTest.testZKOperationsAfterClientSaslAuthFailure(SaslAuthTest.java:172)
	at org.apache.zookeeper.JUnit4ZKTestRunner$LoggedInvokeMethod.evaluate(JUnit4ZKTestRunner.java:86)
2020-03-18 17:36:47,540 [myid:] - INFO  [main:ZKTestCase$1@91] - FINISHED testZKOperationsAfterClientSaslAuthFailure
]]></system-out>
  </testcase>
  <testcase name="testInvalidSaslIds" classname="org.apache.zookeeper.SaslAuthTest" time="0.169"/>
  <testcase name="testThreadsShutdownOnAuthFailed" classname="org.apache.zookeeper.SaslAuthTest" time="0.163"/>
  <testcase name="testValidSaslIds" classname="org.apache.zookeeper.SaslAuthTest" time="0.163"/>
</testsuite>